<?xml version="1.0" encoding="UTF-8"?>
<!-- Generated by org.testng.reporters.JUnitReportReporter -->
<testsuite hostname="NSWSYDNLP228" failures="0" tests="1" name="com.facebook.model.tests.HomePageTest" time="9.129" errors="0" timestamp="10 Jun. 2019 05:46:54 GMT" skipped="0">
  <testcase classname="com.facebook.model.tests.HomePageTest" name="verifySignUpOfFacebookAccount" time="9.129"/>
</testsuite> <!-- com.facebook.model.tests.HomePageTest -->
